<?xml version="1.0" encoding="UTF-8"?>
<!-- Generated by org.testng.reporters.JUnitReportReporter -->
<testsuite hostname="LTIN328189" failures="0" tests="3" name="com.TestRunner.testRun" time="696.773" errors="0" timestamp="2024-02-28T22:22:27 IST" skipped="0">
  <testcase classname="com.TestRunner.testRun" name="runScenario" time="497.923"/>
  <testcase classname="com.TestRunner.testRun" name="runScenario" time="192.482"/>
  <testcase classname="com.TestRunner.testRun" name="runScenario" time="6.368"/>
</testsuite> <!-- com.TestRunner.testRun -->
