<?xml version="1.0" encoding="UTF-8"?>
<!-- Generated by org.testng.reporters.JUnitReportReporter -->
<testsuite hostname="LTIN328189" failures="0" tests="3" name="com.TestRunner.testRun" time="640.819" errors="0" timestamp="2024-02-28T21:46:46 IST" skipped="0">
  <testcase classname="com.TestRunner.testRun" name="runScenario" time="166.656"/>
  <testcase classname="com.TestRunner.testRun" name="runScenario" time="454.333"/>
  <testcase classname="com.TestRunner.testRun" name="runScenario" time="19.830"/>
</testsuite> <!-- com.TestRunner.testRun -->
